<?xml version="1.0" encoding="UTF-8"?>
<!-- Generated by org.testng.reporters.JUnitReportReporter -->
<testsuite hostname="Munnas-MacBook-Pro.local" name="com.appium.mobileAutomationFramework.AppTest" tests="1" failures="0" timestamp="12 Sep 2020 14:20:14 GMT" time="0.026" errors="0">
  <testcase name="teter_random" time="0.026" classname="com.appium.mobileAutomationFramework.AppTest"/>
</testsuite> <!-- com.appium.mobileAutomationFramework.AppTest -->
