<?xml version="1.0" encoding="UTF-8"?>
<!-- Generated by org.testng.reporters.JUnitReportReporter -->
<testsuite hostname="Munnas-MacBook-Pro.local" name="com.appium.mobileAutomationFramework.SS2_androidNative_demoApp" tests="1" failures="0" timestamp="11 Sep 2020 13:01:31 GMT" time="10.534" errors="0">
  <testcase name="androidNative_demoApp_positiveAction" time="10.534" classname="com.appium.mobileAutomationFramework.SS2_androidNative_demoApp"/>
</testsuite> <!-- com.appium.mobileAutomationFramework.SS2_androidNative_demoApp -->
